<?xml version="1.0" encoding="UTF-8"?>
<testsuite xmlns:xsi="http://www.w3.org/2001/XMLSchema-instance" xsi:noNamespaceSchemaLocation="https://maven.apache.org/surefire/maven-surefire-plugin/xsd/surefire-test-report-3.0.xsd" version="3.0" name="com.engineeringDigest.journalApp.JournalAppApplicationTests" time="13.489" tests="1" errors="0" skipped="0" failures="0">
  <properties>
[...]
</properties>
  <testcase name="contextLoads" classname="com.engineeringDigest.journalApp.JournalAppApplicationTests" time="2.871">
    <system-out><![CDATA[22:25:03.910 [main] INFO org.springframework.test.context.support.AnnotationConfigContextLoaderUtils -- Could not detect default configuration classes for test class [com.engineeringDigest.journalApp.JournalAppApplicationTests]: JournalAppApplicationTests does not declare any static, non-private, non-final, nested classes annotated with @Configuration.
22:25:04.277 [main] INFO org.springframework.boot.test.context.SpringBootTestContextBootstrapper -- Found @SpringBootConfiguration com.engineeringDigest.journalApp.JournalApplication for test class com.engineeringDigest.journalApp.JournalAppApplicationTests
22:25:04.983 [main] INFO org.springframework.boot.devtools.restart.RestartApplicationListener -- Restart disabled due to context in which it is running

  .   ____          _            __ _ _
 /\\ / ___'_ __ _ _(_)_ __  __ _ \ \ \ \
( ( )\___ | '_ | '_| | '_ \/ _` | \ \ \ \
 \\/  ___)| |_)| | | | | || (_| |  ) ) ) )
  '  |____| .__|_| |_|_| |_\__, | / / / /
 =========|_|==============|___/=/_/_/_/

 :: Spring Boot ::                (v3.3.3)

2024-12-16T22:25:06.021+05:30  INFO 20532 --- [Journal App] [           main] c.e.j.JournalAppApplicationTests         : Starting JournalAppApplicationTests using Java 17.0.8 with PID 20532 (started by Sumit Soreng in C:\Users\Sumit Soreng\Downloads\journalApp\journalApp)
2024-12-16T22:25:06.027+05:30  INFO 20532 --- [Journal App] [           main] c.e.j.JournalAppApplicationTests         : The following 1 profile is active: "dev"
2024-12-16T22:25:08.203+05:30  INFO 20532 --- [Journal App] [           main] .s.d.r.c.RepositoryConfigurationDelegate : Bootstrapping Spring Data MongoDB repositories in DEFAULT mode.
2024-12-16T22:25:08.316+05:30  INFO 20532 --- [Journal App] [           main] .s.d.r.c.RepositoryConfigurationDelegate : Finished Spring Data repository scanning in 104 ms. Found 2 MongoDB repository interfaces.
2024-12-16T22:25:09.650+05:30  INFO 20532 --- [Journal App] [xcl.mongodb.net] org.mongodb.driver.cluster               : Adding discovered server cluster0-shard-00-00.yvxcl.mongodb.net:27017 to client view of cluster
2024-12-16T22:25:09.737+05:30  INFO 20532 --- [Journal App] [           main] org.mongodb.driver.client                : MongoClient with metadata {"application": {"name": "Cluster0"}, "driver": {"name": "mongo-java-driver|sync|spring-boot", "version": "5.0.1"}, "os": {"type": "Windows", "name": "Windows 10", "architecture": "amd64", "version": "10.0"}, "platform": "Java/Oracle Corporation/17.0.8+9-LTS-211"} created with settings MongoClientSettings{readPreference=primary, writeConcern=WriteConcern{w=majority, wTimeout=null ms, journal=null}, retryWrites=true, retryReads=true, readConcern=ReadConcern{level=null}, credential=MongoCredential{mechanism=null, userName='Soreng2342', source='admin', password=<hidden>, mechanismProperties=<hidden>}, transportSettings=null, commandListeners=[], codecRegistry=ProvidersCodecRegistry{codecProviders=[ValueCodecProvider{}, BsonValueCodecProvider{}, DBRefCodecProvider{}, DBObjectCodecProvider{}, DocumentCodecProvider{}, CollectionCodecProvider{}, IterableCodecProvider{}, MapCodecProvider{}, GeoJsonCodecProvider{}, GridFSFileCodecProvider{}, Jsr310CodecProvider{}, JsonObjectCodecProvider{}, BsonCodecProvider{}, EnumCodecProvider{}, com.mongodb.client.model.mql.ExpressionCodecProvider@52c9d3d0, com.mongodb.Jep395RecordCodecProvider@17207f5b, com.mongodb.KotlinCodecProvider@373052b5]}, loggerSettings=LoggerSettings{maxDocumentLength=1000}, clusterSettings={hosts=[127.0.0.1:27017], srvHost=cluster0.yvxcl.mongodb.net, srvServiceName=mongodb, mode=MULTIPLE, requiredClusterType=REPLICA_SET, requiredReplicaSetName='atlas-w7i1sf-shard-0', serverSelector='null', clusterListeners='[]', serverSelectionTimeout='30000 ms', localThreshold='15 ms'}, socketSettings=SocketSettings{connectTimeoutMS=10000, readTimeoutMS=0, receiveBufferSize=0, proxySettings=ProxySettings{host=null, port=null, username=null, password=null}}, heartbeatSocketSettings=SocketSettings{connectTimeoutMS=10000, readTimeoutMS=10000, receiveBufferSize=0, proxySettings=ProxySettings{host=null, port=null, username=null, password=null}}, connectionPoolSettings=ConnectionPoolSettings{maxSize=100, minSize=0, maxWaitTimeMS=120000, maxConnectionLifeTimeMS=0, maxConnectionIdleTimeMS=0, maintenanceInitialDelayMS=0, maintenanceFrequencyMS=60000, connectionPoolListeners=[], maxConnecting=2}, serverSettings=ServerSettings{heartbeatFrequencyMS=10000, minHeartbeatFrequencyMS=500, serverListeners='[]', serverMonitorListeners='[]'}, sslSettings=SslSettings{enabled=true, invalidHostNameAllowed=false, context=null}, applicationName='Cluster0', compressorList=[], uuidRepresentation=JAVA_LEGACY, serverApi=null, autoEncryptionSettings=null, dnsClient=null, inetAddressResolver=null, contextProvider=null}
2024-12-16T22:25:09.757+05:30  INFO 20532 --- [Journal App] [xcl.mongodb.net] org.mongodb.driver.cluster               : Adding discovered server cluster0-shard-00-02.yvxcl.mongodb.net:27017 to client view of cluster
2024-12-16T22:25:09.770+05:30  INFO 20532 --- [Journal App] [xcl.mongodb.net] org.mongodb.driver.cluster               : Adding discovered server cluster0-shard-00-01.yvxcl.mongodb.net:27017 to client view of cluster
2024-12-16T22:25:10.803+05:30  INFO 20532 --- [Journal App] [           main] org.mongodb.driver.cluster               : Waiting for server to become available for operation with ID 7. Remaining time: 30000 ms. Selector: WritableServerSelector, topology description: {type=REPLICA_SET, servers=[{address=cluster0-shard-00-02.yvxcl.mongodb.net:27017, type=UNKNOWN, state=CONNECTING}, {address=cluster0-shard-00-00.yvxcl.mongodb.net:27017, type=UNKNOWN, state=CONNECTING}, {address=cluster0-shard-00-01.yvxcl.mongodb.net:27017, type=UNKNOWN, state=CONNECTING}].
2024-12-16T22:25:10.909+05:30  INFO 20532 --- [Journal App] [ngodb.net:27017] org.mongodb.driver.cluster               : Monitor thread successfully connected to server with description ServerDescription{address=cluster0-shard-00-01.yvxcl.mongodb.net:27017, type=REPLICA_SET_SECONDARY, state=CONNECTED, ok=true, minWireVersion=0, maxWireVersion=25, maxDocumentSize=16777216, logicalSessionTimeoutMinutes=30, roundTripTimeNanos=571117900, setName='atlas-w7i1sf-shard-0', canonicalAddress=cluster0-shard-00-01.yvxcl.mongodb.net:27017, hosts=[cluster0-shard-00-01.yvxcl.mongodb.net:27017, cluster0-shard-00-02.yvxcl.mongodb.net:27017, cluster0-shard-00-00.yvxcl.mongodb.net:27017], passives=[], arbiters=[], primary='cluster0-shard-00-02.yvxcl.mongodb.net:27017', tagSet=TagSet{[Tag{name='availabilityZone', value='aps1-az3'}, Tag{name='diskState', value='READY'}, Tag{name='nodeType', value='ELECTABLE'}, Tag{name='provider', value='AWS'}, Tag{name='region', value='AP_SOUTH_1'}, Tag{name='workloadType', value='OPERATIONAL'}]}, electionId=null, setVersion=144, topologyVersion=TopologyVersion{processId=674fb69de00eefdf86340ff4, counter=3}, lastWriteDate=Mon Dec 16 22:25:11 IST 2024, lastUpdateTimeNanos=342183775143800}
2024-12-16T22:25:10.909+05:30  INFO 20532 --- [Journal App] [ngodb.net:27017] org.mongodb.driver.cluster               : Monitor thread successfully connected to server with description ServerDescription{address=cluster0-shard-00-00.yvxcl.mongodb.net:27017, type=REPLICA_SET_SECONDARY, state=CONNECTED, ok=true, minWireVersion=0, maxWireVersion=25, maxDocumentSize=16777216, logicalSessionTimeoutMinutes=30, roundTripTimeNanos=571274300, setName='atlas-w7i1sf-shard-0', canonicalAddress=cluster0-shard-00-00.yvxcl.mongodb.net:27017, hosts=[cluster0-shard-00-01.yvxcl.mongodb.net:27017, cluster0-shard-00-02.yvxcl.mongodb.net:27017, cluster0-shard-00-00.yvxcl.mongodb.net:27017], passives=[], arbiters=[], primary='cluster0-shard-00-02.yvxcl.mongodb.net:27017', tagSet=TagSet{[Tag{name='availabilityZone', value='aps1-az1'}, Tag{name='diskState', value='READY'}, Tag{name='nodeType', value='ELECTABLE'}, Tag{name='provider', value='AWS'}, Tag{name='region', value='AP_SOUTH_1'}, Tag{name='workloadType', value='OPERATIONAL'}]}, electionId=null, setVersion=144, topologyVersion=TopologyVersion{processId=674fb585e7864bed77068578, counter=4}, lastWriteDate=Mon Dec 16 22:25:11 IST 2024, lastUpdateTimeNanos=342183775276600}
2024-12-16T22:25:10.910+05:30  INFO 20532 --- [Journal App] [ngodb.net:27017] org.mongodb.driver.cluster               : Monitor thread successfully connected to server with description ServerDescription{address=cluster0-shard-00-02.yvxcl.mongodb.net:27017, type=REPLICA_SET_PRIMARY, state=CONNECTED, ok=true, minWireVersion=0, maxWireVersion=25, maxDocumentSize=16777216, logicalSessionTimeoutMinutes=30, roundTripTimeNanos=570734300, setName='atlas-w7i1sf-shard-0', canonicalAddress=cluster0-shard-00-02.yvxcl.mongodb.net:27017, hosts=[cluster0-shard-00-01.yvxcl.mongodb.net:27017, cluster0-shard-00-02.yvxcl.mongodb.net:27017, cluster0-shard-00-00.yvxcl.mongodb.net:27017], passives=[], arbiters=[], primary='cluster0-shard-00-02.yvxcl.mongodb.net:27017', tagSet=TagSet{[Tag{name='availabilityZone', value='aps1-az2'}, Tag{name='diskState', value='READY'}, Tag{name='nodeType', value='ELECTABLE'}, Tag{name='provider', value='AWS'}, Tag{name='region', value='AP_SOUTH_1'}, Tag{name='workloadType', value='OPERATIONAL'}]}, electionId=7fffffff00000000000001ad, setVersion=144, topologyVersion=TopologyVersion{processId=674fb46f174b3100bccb874e, counter=6}, lastWriteDate=Mon Dec 16 22:25:11 IST 2024, lastUpdateTimeNanos=342183774750600}
2024-12-16T22:25:10.921+05:30  INFO 20532 --- [Journal App] [ngodb.net:27017] org.mongodb.driver.cluster               : Discovered replica set primary cluster0-shard-00-02.yvxcl.mongodb.net:27017 with max election id 7fffffff00000000000001ad and max set version 144
2024-12-16T22:25:11.791+05:30  INFO 20532 --- [Journal App] [           main] eAuthenticationProviderManagerConfigurer : Global AuthenticationManager configured with AuthenticationProvider bean with name authenticationProvider
2024-12-16T22:25:11.795+05:30  WARN 20532 --- [Journal App] [           main] r$InitializeUserDetailsManagerConfigurer : Global AuthenticationManager configured with an AuthenticationProvider bean. UserDetailsService beans will not be used for username/password login. Consider removing the AuthenticationProvider bean. Alternatively, consider using the UserDetailsService in a manually instantiated DaoAuthenticationProvider.
2024-12-16T22:25:12.042+05:30  INFO 20532 --- [Journal App] [           main] o.s.b.a.w.s.WelcomePageHandlerMapping    : Adding welcome page: class path resource [static/index.html]
2024-12-16T22:25:13.732+05:30  INFO 20532 --- [Journal App] [           main] c.e.j.JournalAppApplicationTests         : Started JournalAppApplicationTests in 8.804 seconds (process running for 12.474)
]]></system-out>
  </testcase>
</testsuite>